[2026-03-29 15:02:36] [0;34m[阿里云百炼封面][0m 开始生成封面图...
[2026-03-29 15:02:36] [0;34m[阿里云百炼封面][0m 标题：AI News Briefing
[2026-03-29 15:02:36] [0;34m[阿里云百炼封面][0m 输出：output/covers/ali-test-12.png
[2026-03-29 15:02:36] [0;34m[阿里云百炼封面][0m 时段：12
[2026-03-29 15:02:36] [0;34m[阿里云百炼封面][0m 平台：阿里云百炼 (通义万相)
[2026-03-29 15:02:36] [0;34m[阿里云百炼封面][0m 生成 prompt...
[2026-03-29 15:02:36] [0;34m[阿里云百炼封面][0m 使用平台：阿里云百炼 (通义万相)
[2026-03-29 15:02:36] [0;34m[阿里云百炼封面][0m 调用阿里云百炼 API...
[2026-03-29 15:02:36] [0;34m[阿里云百炼封面][0m API URL: https://dashscope.aliyuncs.com/api/v1/services/aigc/text-to-image/generation
[2026-03-29 15:02:37] [0;34m[阿里云百炼封面][0m API 响应：{"code":"InvalidApiKey","message":"Invalid API-key provided.","request_id":"3112d88b-a9c3-4918-9fa8-5053657747e6"}
[2026-03-29 15:02:37] [1;33m[WARN][0m ❌ API 返回错误
[2026-03-29 15:02:37] [0;34m[阿里云百炼封面][0m 错误代码：InvalidApiKey
[2026-03-29 15:02:37] [0;34m[阿里云百炼封面][0m 错误信息：Invalid API-key provided.
[2026-03-30 08:30:05] [0;34m[阿里云百炼封面][0m 开始生成封面图...
[2026-03-30 08:30:05] [0;34m[阿里云百炼封面][0m 标题：AI News Briefing | 2026-03-30 06:00
[2026-03-30 08:30:05] [0;34m[阿里云百炼封面][0m 输出：/root/.openclaw/workspace/wechat-official-account/scripts/../output/covers/cover-2026-03-30-06.png
[2026-03-30 08:30:05] [0;34m[阿里云百炼封面][0m 时段：06
[2026-03-30 08:30:05] [0;34m[阿里云百炼封面][0m 平台：阿里云百炼 (通义万相)
[2026-03-30 08:30:05] [1;33m[WARN][0m ALI_API_KEY 未设置
[2026-03-30 08:30:05] [0;34m[阿里云百炼封面][0m 请设置环境变量:
[2026-03-30 08:30:05] [0;34m[阿里云百炼封面][0m   export ALI_API_KEY='sk-sp-xxx'
[2026-03-30 08:30:05] [0;34m[阿里云百炼封面][0m 
[2026-03-30 08:30:05] [0;34m[阿里云百炼封面][0m 获取 API Key: https://bailian.console.aliyun.com/
[2026-03-30 08:30:09] [0;34m[阿里云百炼封面][0m 开始生成封面图...
[2026-03-30 08:30:09] [0;34m[阿里云百炼封面][0m 标题：AI News Briefing | 2026-03-30 06:00
[2026-03-30 08:30:09] [0;34m[阿里云百炼封面][0m 输出：/root/.openclaw/workspace/wechat-official-account/scripts/../output/covers/cover-2026-03-30-06.png
[2026-03-30 08:30:09] [0;34m[阿里云百炼封面][0m 时段：06
[2026-03-30 08:30:09] [0;34m[阿里云百炼封面][0m 平台：阿里云百炼 (通义万相)
[2026-03-30 08:30:09] [1;33m[WARN][0m ALI_API_KEY 未设置
[2026-03-30 08:30:09] [0;34m[阿里云百炼封面][0m 请设置环境变量:
[2026-03-30 08:30:09] [0;34m[阿里云百炼封面][0m   export ALI_API_KEY='sk-sp-xxx'
[2026-03-30 08:30:09] [0;34m[阿里云百炼封面][0m 
[2026-03-30 08:30:09] [0;34m[阿里云百炼封面][0m 获取 API Key: https://bailian.console.aliyun.com/
[2026-03-30 08:31:24] [0;34m[阿里云百炼封面][0m 开始生成封面图...
[2026-03-30 08:31:24] [0;34m[阿里云百炼封面][0m 标题：AI News Briefing | 2026-03-30 06:00
[2026-03-30 08:31:24] [0;34m[阿里云百炼封面][0m 输出：/root/.openclaw/workspace/wechat-official-account/scripts/../output/covers/cover-2026-03-30-06.png
[2026-03-30 08:31:24] [0;34m[阿里云百炼封面][0m 时段：06
[2026-03-30 08:31:24] [0;34m[阿里云百炼封面][0m 平台：阿里云百炼 (通义万相)
[2026-03-30 08:31:24] [1;33m[WARN][0m ALI_API_KEY 未设置
[2026-03-30 08:31:24] [0;34m[阿里云百炼封面][0m 请设置环境变量:
[2026-03-30 08:31:24] [0;34m[阿里云百炼封面][0m   export ALI_API_KEY='sk-sp-xxx'
[2026-03-30 08:31:24] [0;34m[阿里云百炼封面][0m 
[2026-03-30 08:31:24] [0;34m[阿里云百炼封面][0m 获取 API Key: https://bailian.console.aliyun.com/
[2026-03-30 08:32:13] [0;34m[阿里云百炼封面][0m 开始生成封面图...
[2026-03-30 08:32:13] [0;34m[阿里云百炼封面][0m 标题：AI News Briefing | 2026-03-30 06:00
[2026-03-30 08:32:13] [0;34m[阿里云百炼封面][0m 输出：output/covers/cover-2026-03-30-06.png
[2026-03-30 08:32:13] [0;34m[阿里云百炼封面][0m 时段：06
[2026-03-30 08:32:13] [0;34m[阿里云百炼封面][0m 平台：阿里云百炼 (通义万相)
[2026-03-30 08:32:13] [1;33m[WARN][0m ALI_API_KEY 未设置
[2026-03-30 08:32:13] [0;34m[阿里云百炼封面][0m 请设置环境变量:
[2026-03-30 08:32:13] [0;34m[阿里云百炼封面][0m   export ALI_API_KEY='sk-sp-xxx'
[2026-03-30 08:32:13] [0;34m[阿里云百炼封面][0m 
[2026-03-30 08:32:13] [0;34m[阿里云百炼封面][0m 获取 API Key: https://bailian.console.aliyun.com/
[2026-03-30 08:33:58] [0;34m[阿里云百炼封面][0m 开始生成封面图...
[2026-03-30 08:33:58] [0;34m[阿里云百炼封面][0m 标题：AI News Briefing | 2026-03-30 06:00
[2026-03-30 08:33:58] [0;34m[阿里云百炼封面][0m 输出：/root/.openclaw/workspace/wechat-official-account/scripts/../output/covers/cover-2026-03-30-06.png
[2026-03-30 08:33:58] [0;34m[阿里云百炼封面][0m 时段：06
[2026-03-30 08:33:58] [0;34m[阿里云百炼封面][0m 平台：阿里云百炼 (通义万相)
[2026-03-30 08:33:58] [1;33m[WARN][0m ALI_API_KEY 未设置
[2026-03-30 08:33:58] [0;34m[阿里云百炼封面][0m 请设置环境变量:
[2026-03-30 08:33:58] [0;34m[阿里云百炼封面][0m   export ALI_API_KEY='sk-sp-xxx'
[2026-03-30 08:33:58] [0;34m[阿里云百炼封面][0m 
[2026-03-30 08:33:58] [0;34m[阿里云百炼封面][0m 获取 API Key: https://bailian.console.aliyun.com/
[2026-03-30 08:34:02] [0;34m[阿里云百炼封面][0m 开始生成封面图...
[2026-03-30 08:34:02] [0;34m[阿里云百炼封面][0m 标题：AI News Briefing | 2026-03-30 06:00
[2026-03-30 08:34:02] [0;34m[阿里云百炼封面][0m 输出：/root/.openclaw/workspace/wechat-official-account/scripts/../output/covers/cover-2026-03-30-06.png
[2026-03-30 08:34:02] [0;34m[阿里云百炼封面][0m 时段：06
[2026-03-30 08:34:02] [0;34m[阿里云百炼封面][0m 平台：阿里云百炼 (通义万相)
[2026-03-30 08:34:02] [1;33m[WARN][0m ALI_API_KEY 未设置
[2026-03-30 08:34:02] [0;34m[阿里云百炼封面][0m 请设置环境变量:
[2026-03-30 08:34:02] [0;34m[阿里云百炼封面][0m   export ALI_API_KEY='sk-sp-xxx'
[2026-03-30 08:34:02] [0;34m[阿里云百炼封面][0m 
[2026-03-30 08:34:02] [0;34m[阿里云百炼封面][0m 获取 API Key: https://bailian.console.aliyun.com/
[2026-03-30 08:34:30] [0;34m[阿里云百炼封面][0m 开始生成封面图...
[2026-03-30 08:34:30] [0;34m[阿里云百炼封面][0m 标题：AI News Briefing | 2026-03-30 06:00
[2026-03-30 08:34:30] [0;34m[阿里云百炼封面][0m 输出：/root/.openclaw/workspace/wechat-official-account/scripts/../output/covers/cover-2026-03-30-06.png
[2026-03-30 08:34:30] [0;34m[阿里云百炼封面][0m 时段：06
[2026-03-30 08:34:30] [0;34m[阿里云百炼封面][0m 平台：阿里云百炼 (通义万相)
[2026-03-30 08:34:30] [1;33m[WARN][0m ALI_API_KEY 未设置
[2026-03-30 08:34:30] [0;34m[阿里云百炼封面][0m 请设置环境变量:
[2026-03-30 08:34:30] [0;34m[阿里云百炼封面][0m   export ALI_API_KEY='sk-sp-xxx'
[2026-03-30 08:34:30] [0;34m[阿里云百炼封面][0m 
[2026-03-30 08:34:30] [0;34m[阿里云百炼封面][0m 获取 API Key: https://bailian.console.aliyun.com/
[2026-03-30 12:00:01] [0;34m[阿里云百炼封面][0m 开始生成封面图...
[2026-03-30 12:00:01] [0;34m[阿里云百炼封面][0m 标题：AI News Briefing | 2026-03-30 06:00
[2026-03-30 12:00:01] [0;34m[阿里云百炼封面][0m 输出：/root/.openclaw/workspace/wechat-official-account/scripts/../output/covers/cover-2026-03-30-06.png
[2026-03-30 12:00:01] [0;34m[阿里云百炼封面][0m 时段：06
[2026-03-30 12:00:01] [0;34m[阿里云百炼封面][0m 平台：阿里云百炼 (通义万相)
[2026-03-30 12:00:01] [1;33m[WARN][0m ALI_API_KEY 未设置
[2026-03-30 12:00:01] [0;34m[阿里云百炼封面][0m 请设置环境变量:
[2026-03-30 12:00:01] [0;34m[阿里云百炼封面][0m   export ALI_API_KEY='sk-sp-xxx'
[2026-03-30 12:00:01] [0;34m[阿里云百炼封面][0m 
[2026-03-30 12:00:01] [0;34m[阿里云百炼封面][0m 获取 API Key: https://bailian.console.aliyun.com/
[2026-03-30 18:00:02] [0;34m[阿里云百炼封面][0m 开始生成封面图...
[2026-03-30 18:00:02] [0;34m[阿里云百炼封面][0m 标题：AI News Briefing | 2026-03-30 18:00
[2026-03-30 18:00:02] [0;34m[阿里云百炼封面][0m 输出：/root/.openclaw/workspace/wechat-official-account/scripts/../output/covers/cover-2026-03-30-18.png
[2026-03-30 18:00:02] [0;34m[阿里云百炼封面][0m 时段：18
[2026-03-30 18:00:02] [0;34m[阿里云百炼封面][0m 平台：阿里云百炼 (通义万相)
[2026-03-30 18:00:02] [1;33m[WARN][0m ALI_API_KEY 未设置
[2026-03-30 18:00:02] [0;34m[阿里云百炼封面][0m 请设置环境变量:
[2026-03-30 18:00:02] [0;34m[阿里云百炼封面][0m   export ALI_API_KEY='sk-sp-xxx'
[2026-03-30 18:00:02] [0;34m[阿里云百炼封面][0m 
[2026-03-30 18:00:02] [0;34m[阿里云百炼封面][0m 获取 API Key: https://bailian.console.aliyun.com/
[2026-03-31 00:00:02] [0;34m[阿里云百炼封面][0m 开始生成封面图...
[2026-03-31 00:00:02] [0;34m[阿里云百炼封面][0m 标题：AI News Briefing | 2026-03-30 18:00
[2026-03-31 00:00:02] [0;34m[阿里云百炼封面][0m 输出：/root/.openclaw/workspace/wechat-official-account/scripts/../output/covers/cover-2026-03-31-18.png
[2026-03-31 00:00:02] [0;34m[阿里云百炼封面][0m 时段：18
[2026-03-31 00:00:02] [0;34m[阿里云百炼封面][0m 平台：阿里云百炼 (通义万相)
[2026-03-31 00:00:02] [1;33m[WARN][0m ALI_API_KEY 未设置
[2026-03-31 00:00:02] [0;34m[阿里云百炼封面][0m 请设置环境变量:
[2026-03-31 00:00:02] [0;34m[阿里云百炼封面][0m   export ALI_API_KEY='sk-sp-xxx'
[2026-03-31 00:00:02] [0;34m[阿里云百炼封面][0m 
[2026-03-31 00:00:02] [0;34m[阿里云百炼封面][0m 获取 API Key: https://bailian.console.aliyun.com/
