[2026-03-29 14:56:13] [0;34m[Kimi 2.5 封面][0m 开始生成封面图...
[2026-03-29 14:56:13] [0;34m[Kimi 2.5 封面][0m 标题：AI News Briefing
[2026-03-29 14:56:13] [0;34m[Kimi 2.5 封面][0m 输出：output/covers/kimi-test-12.png
[2026-03-29 14:56:13] [0;34m[Kimi 2.5 封面][0m 时段：12
[2026-03-29 14:56:13] [0;34m[Kimi 2.5 封面][0m 模型：Kimi 2.5 (Moonshot AI)
[2026-03-29 14:56:13] [0;34m[Kimi 2.5 封面][0m 生成 prompt...
[2026-03-29 14:56:13] [0;34m[Kimi 2.5 封面][0m 使用模型：Kimi 2.5 (Moonshot AI)
[2026-03-29 14:56:13] [0;34m[Kimi 2.5 封面][0m 调用 Kimi 2.5 API...
[2026-03-29 14:56:13] [0;34m[Kimi 2.5 封面][0m API URL: https://api.moonshot.cn/v1/images/generations
[2026-03-29 14:56:13] [0;34m[Kimi 2.5 封面][0m 请求数据：{
    "model": "kimi-2.5",
    "prompt": "创建一张专业的 AI 技术新闻简报封面图，用于微信公众号文章。

【设计要求】
- 风格：现代极简主义科技新闻风格，清洁专业设计
- 构图：宽幅横幅格式，宽高比约 2.35:1（900x383 像素）
- 元素：抽象 AI 神经网络图案，微妙的电路板纹理，漂浮的数据粒子，科技感线条
- 光线：明亮日光，清澈蓝天，专业商务光线，正午阳光，柔和专业摄影灯光
- 背景：清洁渐变背景，不要太复杂，留出文字叠加空间
- 配色：科技蓝 (#1E90FF) 为主色调，清洁白色，微妙灰色点缀
- 氛围：专业、可信赖、前沿、信息丰富
- 文字区域：中心或偏上位置留出清晰空间用于标题文字
- 避免：图像中不要有文字，不要有人物，不要复杂细节，不要暗色调

【技术规格】
- 分辨率：高质量，适合 900x383 像素输出
- 格式：PNG
- 质量：高分辨率，锐利，专业杂志封面风格

请生成符合上述要求的专业封面图。",
    "size": "900x383",
    "n": 1,
    "response_format": "url"
}
[2026-03-29 14:56:14] [0;34m[Kimi 2.5 封面][0m API 响应：{"error":{"message":"Invalid Authentication","type":"invalid_authentication_error"}}
[2026-03-29 14:56:14] [1;33m[WARN][0m ❌ API 返回错误
[2026-03-29 14:56:14] [0;34m[Kimi 2.5 封面][0m 错误代码：
[2026-03-29 14:56:14] [0;34m[Kimi 2.5 封面][0m 错误信息：Invalid Authentication
