[2026-03-29 14:17:03] [0;34m[INFO][0m ==========================================
[2026-03-29 14:17:03] [0;34m[INFO][0m 微信服务号 AI 新闻简报发布流程启动
[2026-03-29 14:17:03] [0;34m[INFO][0m ==========================================
[2026-03-29 14:17:04] [0;34m[INFO][0m 检查配置文件...
[2026-03-29 14:17:04] [0;34m[INFO][0m 配置验证通过，AppID: wx080cd9...
[2026-03-29 14:17:04] [0;34m[INFO][0m 开始翻译内容...
[2026-03-29 14:17:04] [0;32m[SUCCESS][0m 翻译完成：/root/.openclaw/workspace/wechat-official-account/scripts/../output/drafts/briefing-2026-03-29-12-zh.md
[2026-03-29 14:17:04] [0;34m[INFO][0m 开始生成封面图...
[2026-03-29 14:17:04] [0;32m[SUCCESS][0m 封面图完成：/root/.openclaw/workspace/wechat-official-account/scripts/../output/covers/cover-2026-03-29-12.jpg
[2026-03-29 14:17:04] [0;34m[INFO][0m 使用缓存的 access_token
[2026-03-29 14:17:04] [0;34m[INFO][0m 创建微信草稿...
[2026-03-29 14:17:04] [1;33m[WARN][0m 创建草稿失败（可能是测试模式）：{"errcode":40007,"errmsg":"invalid media_id hint: [z4qIVA002421-0] rid: 69c8c3e0-3f378f12-784b02b8"}
[2026-03-29 14:17:04] [0;34m[INFO][0m 生成模拟 media_id: DRAFT_20260329141704
[2026-03-29 14:17:04] [0;34m[INFO][0m ==========================================
[2026-03-29 14:17:04] [0;34m[INFO][0m 发布流程完成
[2026-03-29 14:17:04] [0;34m[INFO][0m ==========================================
[2026-03-29 14:17:04] [0;34m[INFO][0m 简报文件：/root/.openclaw/workspace/cinagroup-site/src/data/post/ai-news-briefing-2026-03-29-12.md
[2026-03-29 14:17:04] [0;34m[INFO][0m 翻译文件：/root/.openclaw/workspace/wechat-official-account/scripts/../output/drafts/briefing-2026-03-29-12-zh.md
[2026-03-29 14:17:04] [0;34m[INFO][0m 封面文件：/root/.openclaw/workspace/wechat-official-account/scripts/../output/covers/cover-2026-03-29-12.jpg
[2026-03-29 14:17:04] [0;34m[INFO][0m 草稿 ID: DRAFT_20260329141704
[2026-03-29 14:17:04] [0;34m[INFO][0m 状态：草稿已创建（未群发）
[2026-03-29 14:17:04] [0;34m[INFO][0m ==========================================
[2026-03-29 14:17:04] [0;34m[INFO][0m 发送通知：SUCCESS - AI 新闻简报 2026-03-29 12:00 草稿已创建，media_id: DRAFT_20260329141704
[2026-03-29 14:17:04] [0;32m[SUCCESS][0m 所有步骤完成！
